<?xml version="1.0" encoding="UTF-8"?>
<!-- Generated by org.testng.reporters.JUnitReportReporter -->
<testsuite hostname="DESKTOP-OE843S0" failures="0" tests="1" name="runner.SearchRunner" time="7.418" errors="0" timestamp="2024-12-05T12:56:32 IST" skipped="0">
  <testcase classname="runner.SearchRunner" name="runScenario" time="7.418"/>
  <system-out/>
</testsuite> <!-- runner.SearchRunner -->
